<?xml version="1.0" encoding="UTF-8"?>
<!-- Generated by org.testng.reporters.JUnitXMLReporter -->
<testsuite ignored="2" hostname="Dhanush" failures="1" tests="1" name="Test Google" time="14.84" errors="0" timestamp="2023-11-23T15:26:16 IST">
  <testcase classname="com.Ottplay.testcases.Demo" name="TestGoogle" time="2.428">
    <failure type="java.lang.AssertionError" message="Title is mismatched expected [HYR Tutorials - Google Search] but found [Google]">
      <![CDATA[java.lang.AssertionError: Title is mismatched expected [HYR Tutorials - Google Search] but found [Google]
at com.Ottplay.testcases.Demo.TestGoogle(Demo.java:22)
at java.base/java.util.ArrayList.forEach(ArrayList.java:1596)
... Removed 30 stack frames]]>
    </failure>
  </testcase> <!-- TestGoogle -->
  <testcase classname="com.Ottplay.testcases.Demo" name="TestFacebook" time="0.0">
    <ignored/>
  </testcase> <!-- TestFacebook -->
  <testcase classname="com.Ottplay.testcases.Demo" name="TestOrangeHRM" time="0.0">
    <ignored/>
  </testcase> <!-- TestOrangeHRM -->
</testsuite> <!-- Test Google -->
