<?xml version="1.0" encoding="UTF-8"?>
<!-- Generated by org.testng.reporters.JUnitXMLReporter -->
<testsuite ignored="1" hostname="Dhanush" failures="0" tests="1" name="VerifyBannersOnHomePageForSubscribedUser" time="26.267" errors="0" timestamp="2023-12-29T10:33:41 IST">
  <testcase classname="com.Ottplay.testcases.VerifyBannersOnHomePage" name="VerifyBannersOnHomePageForSubscribedUser" time="20.998"/>
  <testcase classname="com.Ottplay.testcases.VerifyBannersOnHomePage" name="VerifyBannersOnHomePageForUnSubscribedUser" time="0.0">
    <ignored/>
  </testcase> <!-- VerifyBannersOnHomePageForUnSubscribedUser -->
</testsuite> <!-- VerifyBannersOnHomePageForSubscribedUser -->
