<?xml version="1.0" encoding="UTF-8"?>
<!-- Generated by org.testng.reporters.JUnitXMLReporter -->
<testsuite ignored="1" hostname="Dhanush" failures="0" tests="1" name="Verify_ReadSynopsys_SubscribedUser" time="28.652" errors="0" timestamp="2023-12-29T10:30:40 IST">
  <testcase classname="com.Ottplay.testcases.Verify_ReadSynopsys_SubscribedUser" name="Verify_ReadSynopsys_functionality_for_SubscribedUser" time="23.435"/>
  <testcase classname="com.Ottplay.testcases.Verify_ReadSynopsys_SubscribedUser" name="Verify_ReadSynopsys_functionality_for_UnSubscribedUser" time="0.0">
    <ignored/>
  </testcase> <!-- Verify_ReadSynopsys_functionality_for_UnSubscribedUser -->
</testsuite> <!-- Verify_ReadSynopsys_SubscribedUser -->
