<?xml version="1.0" encoding="UTF-8"?>
<!-- Generated by org.testng.reporters.JUnitXMLReporter -->
<testsuite ignored="0" hostname="Dhanush" failures="0" tests="1" name="Verify like button functionality for Unsubscribed user" time="14.039" errors="0" timestamp="2023-12-29T10:33:15 IST">
  <testcase classname="com.Ottplay.testcases.VerifyLikeButtonFunctionalityForUnSubscribedUser" name="verifyLikeButtonFunctionalityForUnSubscribedUser" time="9.037"/>
</testsuite> <!-- Verify like button functionality for Unsubscribed user -->
