<?xml version="1.0" encoding="UTF-8"?>
<!-- Generated by org.testng.reporters.JUnitXMLReporter -->
<testsuite ignored="1" hostname="Dhanush" failures="0" tests="1" name="Verify Banners On HomePage For Subscribed User" time="35.178" errors="0" timestamp="2024-01-03T11:29:51 IST">
  <testcase classname="com.Ottplay.testcases.VerifyBannersOnHomePage" name="VerifyBannersOnHomePageForSubscribedUser" time="27.95"/>
  <testcase classname="com.Ottplay.testcases.VerifyBannersOnHomePage" name="VerifyBannersOnHomePageForUnSubscribedUser" time="0.0">
    <ignored/>
  </testcase> <!-- VerifyBannersOnHomePageForUnSubscribedUser -->
</testsuite> <!-- Verify Banners On HomePage For Subscribed User -->
