<?xml version="1.0" encoding="UTF-8"?>
<!-- Generated by org.testng.reporters.JUnitXMLReporter -->
<testsuite ignored="1" hostname="Dhanush" failures="0" tests="1" name="Verify add to watchlist button functionality Unsubscribed user" time="28.329" errors="0" timestamp="2024-01-01T20:43:08 IST">
  <testcase classname="com.Ottplay.testcases.Verify_add_to_watchlist_button_functionality" name="Verify_add_to_watchlist_button_functionality_Unsubscribed_user" time="23.813"/>
  <testcase classname="com.Ottplay.testcases.Verify_add_to_watchlist_button_functionality" name="Verify_add_to_watchlist_button_functionality_subscribed_user" time="0.0">
    <ignored/>
  </testcase> <!-- Verify_add_to_watchlist_button_functionality_subscribed_user -->
</testsuite> <!-- Verify add to watchlist button functionality Unsubscribed user -->
